<?xml version="1.0" encoding="UTF-8"?>
<!-- Generated by org.testng.reporters.JUnitReportReporter -->
<testsuite hostname="DESKTOP-2NOPBE7" failures="0" tests="1" name="Project.test.LoginTest" time="5.246" errors="0" timestamp="2020-05-06T15:35:28 CEST" skipped="0">
  <testcase classname="Project.test.LoginTest" name="login" time="5.246"/>
  <system-out/>
</testsuite> <!-- Project.test.LoginTest -->
