<?xml version="1.0" encoding="UTF-8"?>
<!-- Generated by org.testng.reporters.JUnitReportReporter -->
<testsuite hostname="DESKTOP-2NOPBE7" failures="0" tests="2" name="ProjectTest.LoginTest" time="10.375" errors="0" timestamp="2020-05-18T11:34:50 CEST" skipped="0">
  <testcase classname="ProjectTest.LoginTest" name="login" time="4.979"/>
  <system-out/>
  <testcase classname="ProjectTest.LoginTest" name="validLogin" time="5.396"/>
  <system-out/>
</testsuite> <!-- ProjectTest.LoginTest -->
