<?xml version="1.0" encoding="UTF-8"?>
<!-- Generated by org.testng.reporters.JUnitReportReporter -->
<testsuite hostname="DESKTOP-2NOPBE7" failures="0" tests="1" name="Project.test.PropertiesTest" time="9.103" errors="0" timestamp="2020-05-06T16:01:27 CEST" skipped="0">
  <testcase classname="Project.test.PropertiesTest" name="TestPro" time="9.103"/>
  <system-out/>
</testsuite> <!-- Project.test.PropertiesTest -->
