<?xml version="1.0" encoding="UTF-8"?>
<!-- Generated by org.testng.reporters.JUnitReportReporter -->
<testsuite hostname="DESKTOP-2NOPBE7" failures="0" tests="7" name="ProjectTest.RegOneUserTest" time="45.865" errors="0" timestamp="2020-05-18T20:59:43 CEST" skipped="0">
  <testcase classname="ProjectTest.RegOneUserTest" name="login" time="5.024"/>
  <system-out/>
  <testcase classname="ProjectTest.RegOneUserTest" name="validLogin" time="6.060"/>
  <system-out/>
  <testcase classname="ProjectTest.RegOneUserTest" name="oneUserRegTest" time="12.865"/>
  <system-out/>
  <testcase classname="ProjectTest.RegOneUserTest" name="getUsernameIsNull" time="5.476"/>
  <system-out/>
  <testcase classname="ProjectTest.RegOneUserTest" name="getEmailIsNull" time="5.370"/>
  <system-out/>
  <testcase classname="ProjectTest.RegOneUserTest" name="getPassIsNull" time="5.434"/>
  <system-out/>
  <testcase classname="ProjectTest.RegOneUserTest" name="getConfPassIsNull" time="5.636"/>
  <system-out/>
</testsuite> <!-- ProjectTest.RegOneUserTest -->
